// 重构日志: e3eb7c36
// 同步 ID: 356120c9 @ Mon Jun 29 05:35:37 UTC 2026
// 同步 ID: 2e3da595 @ Mon Jun 29 17:32:05 UTC 2026
// 同步 ID: 1fcafb87 @ Mon Jun 29 20:10:32 UTC 2026
// 同步 ID: cd223bc2 @ Tue Jun 30 00:38:56 UTC 2026
// 重构日志: 7c35f3fb
// 同步 ID: d13616a4 @ Fri Jul  3 23:53:35 UTC 2026
// 重构日志: 25548948
// 同步 ID: 75b456e8 @ Sun Jul  5 08:49:22 UTC 2026
// 同步 ID: 88ac91f3 @ Sun Jul  5 15:12:40 UTC 2026
// 重构日志: 1fcd3f73
// 重构日志: 2f97520f
// 同步 ID: 96555c81 @ Wed Jul  8 08:51:57 UTC 2026
// 同步 ID: 3dbf3747 @ Wed Jul  8 13:47:05 UTC 2026
// 重构日志: e296eb9d
// 同步 ID: 1ecb02ca @ Fri Jul 10 16:25:10 UTC 2026
// 同步 ID: a3de8d52 @ Sat Jul 11 14:37:40 UTC 2026
// 重构日志: 2404a9fa
// 重构日志: e1741d46
// 同步 ID: a189a8ef @ Sun Jul 12 01:23:40 UTC 2026
// 同步 ID: 6935ffa7 @ Sun Jul 12 08:03:34 UTC 2026
// 重构日志: 375d16a6
// 同步 ID: 74d5bb06 @ Tue Jul 14 07:22:50 UTC 2026
// 重构日志: 87086847
// 重构日志: fe650a66
// 同步 ID: 3f9c85dc @ Wed Jul 15 17:20:43 UTC 2026
// 重构日志: 00f2839f
// 重构日志: ca467582
// 同步 ID: 84235627 @ Sat Jul 18 09:11:51 UTC 2026
// 同步 ID: 8796a4ca @ Sat Jul 18 17:46:10 UTC 2026
// 重构日志: 850a20d2
// 重构日志: 841dccfb
